#
# A fatal error has been detected by the Java Runtime Environment:
#
#  Internal Error (javaClasses.cpp:129), pid=11293, tid=140146561316608
#  fatal error: Invalid layout of preloaded class
#
# JRE version: 7.0_09-b05
# Java VM: Java HotSpot(TM) 64-Bit Server VM (23.5-b02 mixed mode linux-amd64 compressed oops)
# Failed to write core dump. Core dumps have been disabled. To enable core dumping, try "ulimit -c unlimited" before starting Java again
#
# If you would like to submit a bug report, please visit:
#   http://bugreport.sun.com/bugreport/crash.jsp
#

---------------  T H R E A D  ---------------

Current thread (0x00007f7664006800):  JavaThread "Unknown thread" [_thread_in_vm, id=11296, stack(0x00007f7669f0f000,0x00007f766a010000)]

Stack: [0x00007f7669f0f000,0x00007f766a010000],  sp=0x00007f766a00e7a0,  free space=1021k
Native frames: (J=compiled Java code, j=interpreted, Vv=VM code, C=native code)
V  [libjvm.so+0x8a531a]  VMError::report_and_die()+0x2ea
V  [libjvm.so+0x40aeb9]  report_fatal(char const*, int, char const*)+0x59
V  [libjvm.so+0x5558f7]  compute_offset(int&, klassOopDesc*, Symbol*, Symbol*, bool)+0x137
V  [libjvm.so+0x556ab9]  java_lang_String::compute_offsets()+0x39
V  [libjvm.so+0x8343d3]  SystemDictionary::initialize_preloaded_classes(Thread*)+0x143
V  [libjvm.so+0x880514]  Universe::genesis(Thread*)+0x474
V  [libjvm.so+0x8809c4]  universe2_init()+0x24
V  [libjvm.so+0x503d0d]  init_globals()+0xbd
V  [libjvm.so+0x866f62]  Threads::create_vm(JavaVMInitArgs*, bool*)+0x1e2
V  [libjvm.so+0x563bc4]  JNI_CreateJavaVM+0x74
C  [libjli.so+0x337e]  JavaMain+0x9e


---------------  P R O C E S S  ---------------

Java Threads: ( => current thread )

Other Threads:

=>0x00007f7664006800 (exited) JavaThread "Unknown thread" [_thread_in_vm, id=11296, stack(0x00007f7669f0f000,0x00007f766a010000)]

VM state:not at safepoint (not fully initialized)

VM Mutex/Monitor currently owned by a thread: None

GC Heap History (0 events):
No events

Deoptimization events (0 events):
No events

Internal exceptions (0 events):
No events

Events (10 events):
Event: 0.017 loading class 0x00007f76640245d0
Event: 0.018 loading class 0x00007f76640245d0 done
Event: 0.018 loading class 0x00007f7664024630
Event: 0.018 loading class 0x00007f7664024d90
Event: 0.018 loading class 0x00007f7664024d90 done
Event: 0.018 loading class 0x00007f766404e670
Event: 0.018 loading class 0x00007f766404e670 done
Event: 0.018 loading class 0x00007f7664024630 done
Event: 0.018 loading class 0x00007f7664024600
Event: 0.018 loading class 0x00007f7664024600 done


Dynamic libraries:
00400000-00401000 r-xp 00000000 08:02 660710                             /usr/java/jdk1.7.0/bin/java
00600000-00601000 rw-p 00000000 08:02 660710                             /usr/java/jdk1.7.0/bin/java
012fb000-0131c000 rw-p 00000000 00:00 0                                  [heap]
c0200000-c16c0000 rw-p 00000000 00:00 0 
c16c0000-c5400000 rw-p 00000000 00:00 0 
c5400000-c7b30000 rw-p 00000000 00:00 0 
c7b30000-ec6b0000 rw-p 00000000 00:00 0 
ec6b0000-eda40000 rw-p 00000000 00:00 0 
eda40000-100000000 rw-p 00000000 00:00 0 
3799600000-3799620000 r-xp 00000000 08:05 1254                           /lib64/ld-2.12.so
379981f000-3799820000 r--p 0001f000 08:05 1254                           /lib64/ld-2.12.so
3799820000-3799821000 rw-p 00020000 08:05 1254                           /lib64/ld-2.12.so
3799821000-3799822000 rw-p 00000000 00:00 0 
3799a00000-3799b8b000 r-xp 00000000 08:05 2391                           /lib64/libc-2.12.so
3799b8b000-3799d8a000 ---p 0018b000 08:05 2391                           /lib64/libc-2.12.so
3799d8a000-3799d8e000 r--p 0018a000 08:05 2391                           /lib64/libc-2.12.so
3799d8e000-3799d8f000 rw-p 0018e000 08:05 2391                           /lib64/libc-2.12.so
3799d8f000-3799d94000 rw-p 00000000 00:00 0 
3799e00000-3799e83000 r-xp 00000000 08:05 2594                           /lib64/libm-2.12.so
3799e83000-379a082000 ---p 00083000 08:05 2594                           /lib64/libm-2.12.so
379a082000-379a083000 r--p 00082000 08:05 2594                           /lib64/libm-2.12.so
379a083000-379a084000 rw-p 00083000 08:05 2594                           /lib64/libm-2.12.so
379a200000-379a202000 r-xp 00000000 08:05 2600                           /lib64/libdl-2.12.so
379a202000-379a402000 ---p 00002000 08:05 2600                           /lib64/libdl-2.12.so
379a402000-379a403000 r--p 00002000 08:05 2600                           /lib64/libdl-2.12.so
379a403000-379a404000 rw-p 00003000 08:05 2600                           /lib64/libdl-2.12.so
379a600000-379a617000 r-xp 00000000 08:05 2598                           /lib64/libpthread-2.12.so
379a617000-379a817000 ---p 00017000 08:05 2598                           /lib64/libpthread-2.12.so
379a817000-379a818000 r--p 00017000 08:05 2598                           /lib64/libpthread-2.12.so
379a818000-379a819000 rw-p 00018000 08:05 2598                           /lib64/libpthread-2.12.so
379a819000-379a81d000 rw-p 00000000 00:00 0 
379ae00000-379ae07000 r-xp 00000000 08:05 2603                           /lib64/librt-2.12.so
379ae07000-379b006000 ---p 00007000 08:05 2603                           /lib64/librt-2.12.so
379b006000-379b007000 r--p 00006000 08:05 2603                           /lib64/librt-2.12.so
379b007000-379b008000 rw-p 00007000 08:05 2603                           /lib64/librt-2.12.so
7f7654000000-7f7654021000 rw-p 00000000 00:00 0 
7f7654021000-7f7658000000 ---p 00000000 00:00 0 
7f765a010000-7f765c000000 rw-p 00000000 00:00 0 
7f765c000000-7f765c021000 rw-p 00000000 00:00 0 
7f765c021000-7f7660000000 ---p 00000000 00:00 0 
7f7661000000-7f7661270000 rwxp 00000000 00:00 0 
7f7661270000-7f7664058000 rw-p 00000000 00:00 0 
7f7664058000-7f7668000000 ---p 00000000 00:00 0 
7f7668845000-7f7669261000 rw-p 00000000 00:00 0 
7f7669261000-7f7669262000 ---p 00000000 00:00 0 
7f7669262000-7f7669362000 rw-p 00000000 00:00 0 
7f7669362000-7f7669363000 ---p 00000000 00:00 0 
7f7669363000-7f766946e000 rw-p 00000000 00:00 0 
7f766946e000-7f766948c000 rw-p 00000000 00:00 0 
7f766948c000-7f76694a0000 rw-p 00000000 00:00 0 
7f76694a0000-7f76695c6000 rw-p 00000000 00:00 0 
7f76695c6000-7f76695d1000 rw-p 00000000 00:00 0 
7f76695d1000-7f76695ef000 rw-p 00000000 00:00 0 
7f76695ef000-7f7669603000 rw-p 00000000 00:00 0 
7f7669603000-7f7669728000 rw-p 00000000 00:00 0 
7f7669728000-7f7669733000 rw-p 00000000 00:00 0 
7f7669733000-7f76697c5000 rw-p 00000000 00:00 0 
7f76697c5000-7f76697d0000 rw-p 00000000 00:00 0 
7f76697d0000-7f7669886000 rw-p 00000000 00:00 0 
7f7669886000-7f76698a0000 r-xp 00000000 08:02 660884                     /usr/java/jdk1.7.0/jre/lib/amd64/libzip.so
7f76698a0000-7f7669aa0000 ---p 0001a000 08:02 660884                     /usr/java/jdk1.7.0/jre/lib/amd64/libzip.so
7f7669aa0000-7f7669aa1000 rw-p 0001a000 08:02 660884                     /usr/java/jdk1.7.0/jre/lib/amd64/libzip.so
7f7669aa1000-7f7669ad6000 r--s 00000000 08:03 133528                     /var/db/nscd/passwd
7f7669ad6000-7f7669aff000 r-xp 00000000 08:02 660853                     /usr/java/jdk1.7.0/jre/lib/amd64/libjava.so
7f7669aff000-7f7669cff000 ---p 00029000 08:02 660853                     /usr/java/jdk1.7.0/jre/lib/amd64/libjava.so
7f7669cff000-7f7669d01000 rw-p 00029000 08:02 660853                     /usr/java/jdk1.7.0/jre/lib/amd64/libjava.so
7f7669d01000-7f7669d0e000 r-xp 00000000 08:02 660883                     /usr/java/jdk1.7.0/jre/lib/amd64/libverify.so
7f7669d0e000-7f7669f0d000 ---p 0000d000 08:02 660883                     /usr/java/jdk1.7.0/jre/lib/amd64/libverify.so
7f7669f0d000-7f7669f0f000 rw-p 0000c000 08:02 660883                     /usr/java/jdk1.7.0/jre/lib/amd64/libverify.so
7f7669f0f000-7f7669f12000 ---p 00000000 00:00 0 
7f7669f12000-7f766a010000 rw-p 00000000 00:00 0 
7f766a010000-7f766aa57000 r-xp 00000000 08:02 660888                     /usr/java/jdk1.7.0/jre/lib/amd64/server/libjvm.so
7f766aa57000-7f766ac56000 ---p 00a47000 08:02 660888                     /usr/java/jdk1.7.0/jre/lib/amd64/server/libjvm.so
7f766ac56000-7f766acfa000 rw-p 00a46000 08:02 660888                     /usr/java/jdk1.7.0/jre/lib/amd64/server/libjvm.so
7f766acfa000-7f766ad39000 rw-p 00000000 00:00 0 
7f766ad39000-7f766ad4f000 r-xp 00000000 08:02 660835                     /usr/java/jdk1.7.0/jre/lib/amd64/jli/libjli.so
7f766ad4f000-7f766af4e000 ---p 00016000 08:02 660835                     /usr/java/jdk1.7.0/jre/lib/amd64/jli/libjli.so
7f766af4e000-7f766af4f000 rw-p 00015000 08:02 660835                     /usr/java/jdk1.7.0/jre/lib/amd64/jli/libjli.so
7f766af4f000-7f766af50000 rw-p 00000000 00:00 0 
7f766af5e000-7f766af5f000 rw-p 00000000 00:00 0 
7f766af5f000-7f766af6f000 r--s 000bf000 00:18 21717468                   /bham/pd/packages/EL6/x86_64/leJOS_NXJ_0.9.1beta-3/lib/nxt/classes.jar
7f766af6f000-7f766af77000 rw-s 00000000 08:07 110                        /tmp/hsperfdata_hxc326/11293
7f766af77000-7f766af78000 rw-p 00000000 00:00 0 
7f766af78000-7f766af79000 r--p 00000000 00:00 0 
7f766af79000-7f766af7a000 rw-p 00000000 00:00 0 
7fffa249e000-7fffa24b4000 rw-p 00000000 00:00 0                          [stack]
7fffa24d1000-7fffa24d2000 r-xp 00000000 00:00 0                          [vdso]
ffffffffff600000-ffffffffff601000 r-xp 00000000 00:00 0                  [vsyscall]

VM Arguments:
jvm_args: -Dfile.encoding=ISO-8859-1 -Xbootclasspath:/bham/pd/packages/SL6/x86_64/leJOS_NXJ_0.9.1beta-3/lib/nxt/classes.jar 
java_command: demos.GridDemonstration
Launcher Type: SUN_STANDARD

Environment Variables:
JAVA_HOME=/usr/java/jdk1.7.0
CLASSPATH=.
PATH=/bham/pd/packages/SL6/x86_64/leJOS_NXJ_0.9.1beta-3/bin:/bham/pd/packages/SL6/x86_64/apache-ant-1.9.3/bin:/usr/lib64/qt-3.3/bin:/bham/pd/packages/SL6/x86_64/apache-maven-3.0.4/bin:/usr/java/jdk1.7.0/bin:/bham/com/packages/matlab-R2010bSP1-x64/bin:/bham/com/packages/sicstus-4.2.0/bin:/usr/local/bin:/bham/pd/packages/SL6/x86_64/bin:/bham/pd/packages/SL6/x86_64/scilab-5.3.3/bin:/usr/local/bin:/bham/bin:/bham/com/bin:/bin:/usr/bin:/usr/local/bin:/bham/bin:/bham/pd/bin:/bham/com/bin:/bin:/usr/bin:/bham/pd/bin:/bin:.:/usr/bin:.
USERNAME=hxc326
LD_LIBRARY_PATH=/usr/java/jdk1.7.0/jre/lib/amd64/server:/usr/java/jdk1.7.0/jre/lib/amd64:/usr/java/jdk1.7.0/jre/../lib/amd64:/lib:/usr/lib:/bham/pd/lib:/usr/java/jdk1.7.0/jre/lib:/usr/java/jdk1.7.0/jre/lib/amd64/xawt:/usr/java/jdk1.7.0/jre/lib/amd64:/usr/java/jdk1.7.0/jre/lib/amd64/server:/bham/pd/packages/SL6/x86_64/scilab-5.3.3/lib:/bham/X11/lib:/bham/X11/pd/lib
SHELL=/bin/tcsh
DISPLAY=:0.0
HOSTTYPE=x86_64-linux
OSTYPE=linux
MACHTYPE=x86_64

Signal Handlers:
SIGSEGV: [libjvm.so+0x8a5c80], sa_mask[0]=0x7ffbfeff, sa_flags=0x10000004
SIGBUS: [libjvm.so+0x8a5c80], sa_mask[0]=0x7ffbfeff, sa_flags=0x10000004
SIGFPE: [libjvm.so+0x741d60], sa_mask[0]=0x7ffbfeff, sa_flags=0x10000004
SIGPIPE: [libjvm.so+0x741d60], sa_mask[0]=0x7ffbfeff, sa_flags=0x10000004
SIGXFSZ: [libjvm.so+0x741d60], sa_mask[0]=0x7ffbfeff, sa_flags=0x10000004
SIGILL: [libjvm.so+0x741d60], sa_mask[0]=0x7ffbfeff, sa_flags=0x10000004
SIGUSR1: SIG_DFL, sa_mask[0]=0x00000000, sa_flags=0x00000000
SIGUSR2: [libjvm.so+0x7416b0], sa_mask[0]=0x00000004, sa_flags=0x10000004
SIGHUP: SIG_DFL, sa_mask[0]=0x00000000, sa_flags=0x00000000
SIGINT: SIG_DFL, sa_mask[0]=0x00000000, sa_flags=0x00000000
SIGTERM: SIG_DFL, sa_mask[0]=0x00000000, sa_flags=0x00000000
SIGQUIT: SIG_DFL, sa_mask[0]=0x00000000, sa_flags=0x00000000


---------------  S Y S T E M  ---------------

OS:Scientific Linux release 6.5 (Carbon)

uname:Linux 2.6.32-431.5.1.el6.x86_64 #1 SMP Tue Feb 11 13:30:01 CST 2014 x86_64
libc:glibc 2.12 NPTL 2.12 
rlimit: STACK 10240k, CORE 0k, NPROC 1024, NOFILE 4096, AS infinity
load average:0.11 0.09 0.06

/proc/meminfo:
MemTotal:        3846800 kB
MemFree:         1529904 kB
Buffers:          201580 kB
Cached:          1078928 kB
SwapCached:          244 kB
Active:          1355128 kB
Inactive:         657412 kB
Active(anon):     705264 kB
Inactive(anon):    72332 kB
Active(file):     649864 kB
Inactive(file):   585080 kB
Unevictable:           0 kB
Mlocked:               0 kB
SwapTotal:       4194296 kB
SwapFree:        4194052 kB
Dirty:                36 kB
Writeback:             0 kB
AnonPages:        728132 kB
Mapped:            96756 kB
Shmem:             45416 kB
Slab:             226680 kB
SReclaimable:     189236 kB
SUnreclaim:        37444 kB
KernelStack:        2680 kB
PageTables:        24212 kB
NFS_Unstable:          0 kB
Bounce:                0 kB
WritebackTmp:          0 kB
CommitLimit:     6117696 kB
Committed_AS:    1730592 kB
VmallocTotal:   34359738367 kB
VmallocUsed:      422180 kB
VmallocChunk:   34359310788 kB
HardwareCorrupted:     0 kB
AnonHugePages:    454656 kB
HugePages_Total:       0
HugePages_Free:        0
HugePages_Rsvd:        0
HugePages_Surp:        0
Hugepagesize:       2048 kB
DirectMap4k:        9216 kB
DirectMap2M:     4110336 kB


CPU:total 2 (2 cores per cpu, 1 threads per core) family 6 model 15 stepping 6, cmov, cx8, fxsr, mmx, sse, sse2, sse3, ssse3, tsc

/proc/cpuinfo:
processor	: 0
vendor_id	: GenuineIntel
cpu family	: 6
model		: 15
model name	: Intel(R) Core(TM)2 CPU          6600  @ 2.40GHz
stepping	: 6
cpu MHz		: 2394.000
cache size	: 4096 KB
physical id	: 0
siblings	: 2
core id		: 0
cpu cores	: 2
apicid		: 0
initial apicid	: 0
fpu		: yes
fpu_exception	: yes
cpuid level	: 10
wp		: yes
flags		: fpu vme de pse tsc msr pae mce cx8 apic sep mtrr pge mca cmov pat pse36 clflush dts acpi mmx fxsr sse sse2 ss ht tm pbe syscall nx lm constant_tsc arch_perfmon pebs bts rep_good aperfmperf pni dtes64 monitor ds_cpl vmx est tm2 ssse3 cx16 xtpr pdcm lahf_lm dts tpr_shadow
bogomips	: 4794.94
clflush size	: 64
cache_alignment	: 64
address sizes	: 36 bits physical, 48 bits virtual
power management:

processor	: 1
vendor_id	: GenuineIntel
cpu family	: 6
model		: 15
model name	: Intel(R) Core(TM)2 CPU          6600  @ 2.40GHz
stepping	: 6
cpu MHz		: 2394.000
cache size	: 4096 KB
physical id	: 0
siblings	: 2
core id		: 1
cpu cores	: 2
apicid		: 1
initial apicid	: 1
fpu		: yes
fpu_exception	: yes
cpuid level	: 10
wp		: yes
flags		: fpu vme de pse tsc msr pae mce cx8 apic sep mtrr pge mca cmov pat pse36 clflush dts acpi mmx fxsr sse sse2 ss ht tm pbe syscall nx lm constant_tsc arch_perfmon pebs bts rep_good aperfmperf pni dtes64 monitor ds_cpl vmx est tm2 ssse3 cx16 xtpr pdcm lahf_lm dts tpr_shadow
bogomips	: 4794.94
clflush size	: 64
cache_alignment	: 64
address sizes	: 36 bits physical, 48 bits virtual
power management:



Memory: 4k page, physical 3846800k(1529904k free), swap 4194296k(4194052k free)

vm_info: Java HotSpot(TM) 64-Bit Server VM (23.5-b02) for linux-amd64 JRE (1.7.0_09-b05), built on Sep 24 2012 20:07:15 by "java_re" with gcc 4.3.0 20080428 (Red Hat 4.3.0-8)

time: Tue Mar  4 11:27:30 2014
elapsed time: 0 seconds

